-------------------------------------------------------------------------------
Test set: br.com.restassuredapitest.runners.AllTests
-------------------------------------------------------------------------------
Tests run: 27, Failures: 0, Errors: 4, Skipped: 0, Time elapsed: 45.489 s <<< FAILURE! - in br.com.restassuredapitest.runners.AllTests
validarListagemDeIdsComFiltroNomeECheckinECheckout(br.com.restassuredapitest.testes.booking.testes.GetBookingTest)  Time elapsed: 1.709 s  <<< ERROR!
groovy.lang.GroovyRuntimeException: 
could not access constructor: private java.lang.AssertionError(java.lang.String) with arguments: [1 expectation failed.
JSON path bookingid doesn't match.
Expected: a collection containing <563>
  Actual: []
] reason: java.lang.IllegalAccessException: class org.codehaus.groovy.reflection.CachedConstructor cannot access a member of class java.lang.AssertionError (in module java.base) with modifiers "private"
	at br.com.restassuredapitest.testes.booking.testes.GetBookingTest.validarListagemDeIdsComFiltroNomeECheckinECheckout(GetBookingTest.java:126)

validarListagemDeIdsComFiltroCheckin(br.com.restassuredapitest.testes.booking.testes.GetBookingTest)  Time elapsed: 1.768 s  <<< ERROR!
groovy.lang.GroovyRuntimeException: 
could not access constructor: private java.lang.AssertionError(java.lang.String) with arguments: [1 expectation failed.
JSON path bookingid doesn't match.
Expected: a collection containing <565>
  Actual: [102, 135, 230, 142, 202, 164, 43, 130, 280, 51, 42, 406, 134, 113, 177, 136, 46, 52, 124]
] reason: java.lang.IllegalAccessException: class org.codehaus.groovy.reflection.CachedConstructor cannot access a member of class java.lang.AssertionError (in module java.base) with modifiers "private"
	at br.com.restassuredapitest.testes.booking.testes.GetBookingTest.validarListagemDeIdsComFiltroCheckin(GetBookingTest.java:82)

validarListagemDeIdsComFiltroCheckinECheckout(br.com.restassuredapitest.testes.booking.testes.GetBookingTest)  Time elapsed: 1.799 s  <<< ERROR!
groovy.lang.GroovyRuntimeException: 
could not access constructor: private java.lang.AssertionError(java.lang.String) with arguments: [1 expectation failed.
JSON path size() doesn't match.
Expected: a value greater than <0>
  Actual: 0
] reason: java.lang.IllegalAccessException: class org.codehaus.groovy.reflection.CachedConstructor cannot access a member of class java.lang.AssertionError (in module java.base) with modifiers "private"
	at br.com.restassuredapitest.testes.booking.testes.GetBookingTest.validarListagemDeIdsComFiltroCheckinECheckout(GetBookingTest.java:112)

validarCadastroDeNovaReservaComInfoExtra(br.com.restassuredapitest.testes.booking.testes.PostBookingTest)  Time elapsed: 0.88 s  <<< ERROR!
groovy.lang.GroovyRuntimeException: 
could not access constructor: private java.lang.AssertionError(java.lang.String) with arguments: [1 expectation failed.
Expected status code <500> but was <200>.
] reason: java.lang.IllegalAccessException: class org.codehaus.groovy.reflection.CachedConstructor cannot access a member of class java.lang.AssertionError (in module java.base) with modifiers "private"
	at br.com.restassuredapitest.testes.booking.testes.PostBookingTest.validarCadastroDeNovaReservaComInfoExtra(PostBookingTest.java:86)

