-------------------------------------------------------------------------------
Test set: br.com.restassuredapitest.runners.AllTests
-------------------------------------------------------------------------------
Tests run: 27, Failures: 0, Errors: 2, Skipped: 0, Time elapsed: 50.841 s <<< FAILURE! - in br.com.restassuredapitest.runners.AllTests
validarAlteracaoDeReservaInexistente(br.com.restassuredapitest.testes.booking.testes.PutBookingTest)  Time elapsed: 1.869 s  <<< ERROR!
groovy.lang.GroovyRuntimeException: 
could not access constructor: private java.lang.AssertionError(java.lang.String) with arguments: [1 expectation failed.
Expected status code <404> but was <405>.
] reason: java.lang.IllegalAccessException: class org.codehaus.groovy.reflection.CachedConstructor cannot access a member of class java.lang.AssertionError (in module java.base) with modifiers "private"
	at br.com.restassuredapitest.testes.booking.testes.PutBookingTest.validarAlteracaoDeReservaInexistente(PutBookingTest.java:112)

validarCadastroDeNovaReservaComInfoExtra(br.com.restassuredapitest.testes.booking.testes.PostBookingTest)  Time elapsed: 1.113 s  <<< ERROR!
groovy.lang.GroovyRuntimeException: 
could not access constructor: private java.lang.AssertionError(java.lang.String) with arguments: [1 expectation failed.
Expected status code <500> but was <200>.
] reason: java.lang.IllegalAccessException: class org.codehaus.groovy.reflection.CachedConstructor cannot access a member of class java.lang.AssertionError (in module java.base) with modifiers "private"
	at br.com.restassuredapitest.testes.booking.testes.PostBookingTest.validarCadastroDeNovaReservaComInfoExtra(PostBookingTest.java:89)

