<?xml version="1.0" encoding="UTF-8"?>
<testsuite xmlns:xsi="http://www.w3.org/2001/XMLSchema-instance" xsi:noNamespaceSchemaLocation="https://maven.apache.org/surefire/maven-surefire-plugin/xsd/surefire-test-report.xsd" name="br.com.restassuredapitest.runners.AllTests" time="45.489" tests="27" errors="4" skipped="0" failures="0">
  <properties>
    <property name="java.specification.version" value="17"/>
    <property name="sun.cpu.isalist" value="amd64"/>
    <property name="sun.jnu.encoding" value="Cp1252"/>
    <property name="java.class.path" value="D:\RESET_TESTES\Desafio_api\RESET_Automacao_API\target\test-classes;D:\RESET_TESTES\Desafio_api\RESET_Automacao_API\target\classes;C:\Users\eduar\.m2\repository\org\projectlombok\lombok\1.18.22\lombok-1.18.22.jar;C:\Users\eduar\.m2\repository\com\googlecode\json-simple\json-simple\1.1.1\json-simple-1.1.1.jar;C:\Users\eduar\.m2\repository\junit\junit\4.12\junit-4.12.jar;C:\Users\eduar\.m2\repository\org\hamcrest\hamcrest-core\1.3\hamcrest-core-1.3.jar;C:\Users\eduar\.m2\repository\io\rest-assured\rest-assured\3.1.0\rest-assured-3.1.0.jar;C:\Users\eduar\.m2\repository\org\codehaus\groovy\groovy\2.4.12\groovy-2.4.12.jar;C:\Users\eduar\.m2\repository\org\codehaus\groovy\groovy-xml\2.4.12\groovy-xml-2.4.12.jar;C:\Users\eduar\.m2\repository\org\apache\httpcomponents\httpclient\4.5.3\httpclient-4.5.3.jar;C:\Users\eduar\.m2\repository\org\apache\httpcomponents\httpcore\4.4.6\httpcore-4.4.6.jar;C:\Users\eduar\.m2\repository\commons-logging\commons-logging\1.2\commons-logging-1.2.jar;C:\Users\eduar\.m2\repository\commons-codec\commons-codec\1.9\commons-codec-1.9.jar;C:\Users\eduar\.m2\repository\org\apache\httpcomponents\httpmime\4.5.1\httpmime-4.5.1.jar;C:\Users\eduar\.m2\repository\org\hamcrest\hamcrest-library\1.3\hamcrest-library-1.3.jar;C:\Users\eduar\.m2\repository\org\ccil\cowan\tagsoup\tagsoup\1.2.1\tagsoup-1.2.1.jar;C:\Users\eduar\.m2\repository\io\rest-assured\xml-path\3.1.0\xml-path-3.1.0.jar;C:\Users\eduar\.m2\repository\javax\xml\bind\jaxb-api\2.2.12\jaxb-api-2.2.12.jar;C:\Users\eduar\.m2\repository\io\rest-assured\json-schema-validator\3.1.0\json-schema-validator-3.1.0.jar;C:\Users\eduar\.m2\repository\com\github\fge\json-schema-validator\2.2.6\json-schema-validator-2.2.6.jar;C:\Users\eduar\.m2\repository\com\google\code\findbugs\jsr305\3.0.0\jsr305-3.0.0.jar;C:\Users\eduar\.m2\repository\joda-time\joda-time\2.3\joda-time-2.3.jar;C:\Users\eduar\.m2\repository\com\googlecode\libphonenumber\libphonenumber\6.2\libphonenumber-6.2.jar;C:\Users\eduar\.m2\repository\com\github\fge\json-schema-core\1.2.5\json-schema-core-1.2.5.jar;C:\Users\eduar\.m2\repository\com\github\fge\uri-template\0.9\uri-template-0.9.jar;C:\Users\eduar\.m2\repository\com\github\fge\msg-simple\1.1\msg-simple-1.1.jar;C:\Users\eduar\.m2\repository\com\github\fge\btf\1.2\btf-1.2.jar;C:\Users\eduar\.m2\repository\com\google\guava\guava\16.0.1\guava-16.0.1.jar;C:\Users\eduar\.m2\repository\com\github\fge\jackson-coreutils\1.8\jackson-coreutils-1.8.jar;C:\Users\eduar\.m2\repository\org\mozilla\rhino\1.7R4\rhino-1.7R4.jar;C:\Users\eduar\.m2\repository\javax\mail\mailapi\1.4.3\mailapi-1.4.3.jar;C:\Users\eduar\.m2\repository\javax\activation\activation\1.1\activation-1.1.jar;C:\Users\eduar\.m2\repository\net\sf\jopt-simple\jopt-simple\4.6\jopt-simple-4.6.jar;C:\Users\eduar\.m2\repository\com\github\javafaker\javafaker\1.0.1\javafaker-1.0.1.jar;C:\Users\eduar\.m2\repository\org\apache\commons\commons-lang3\3.5\commons-lang3-3.5.jar;C:\Users\eduar\.m2\repository\org\yaml\snakeyaml\1.23\snakeyaml-1.23-android.jar;C:\Users\eduar\.m2\repository\com\github\mifmif\generex\1.0.2\generex-1.0.2.jar;C:\Users\eduar\.m2\repository\dk\brics\automaton\automaton\1.11-8\automaton-1.11-8.jar;C:\Users\eduar\.m2\repository\io\rest-assured\json-path\3.1.0\json-path-3.1.0.jar;C:\Users\eduar\.m2\repository\org\codehaus\groovy\groovy-json\2.4.12\groovy-json-2.4.12.jar;C:\Users\eduar\.m2\repository\io\rest-assured\rest-assured-common\3.1.0\rest-assured-common-3.1.0.jar;C:\Users\eduar\.m2\repository\io\qameta\allure\allure-junit4\2.9.0\allure-junit4-2.9.0.jar;C:\Users\eduar\.m2\repository\io\qameta\allure\allure-java-commons\2.9.0\allure-java-commons-2.9.0.jar;C:\Users\eduar\.m2\repository\io\qameta\allure\allure-model\2.9.0\allure-model-2.9.0.jar;C:\Users\eduar\.m2\repository\com\fasterxml\jackson\core\jackson-databind\2.9.7\jackson-databind-2.9.7.jar;C:\Users\eduar\.m2\repository\com\fasterxml\jackson\core\jackson-annotations\2.9.0\jackson-annotations-2.9.0.jar;C:\Users\eduar\.m2\repository\com\fasterxml\jackson\core\jackson-core\2.9.7\jackson-core-2.9.7.jar;C:\Users\eduar\.m2\repository\org\apache\tika\tika-core\1.19.1\tika-core-1.19.1.jar;C:\Users\eduar\.m2\repository\org\aspectj\aspectjrt\1.9.1\aspectjrt-1.9.1.jar;C:\Users\eduar\.m2\repository\org\jooq\joor-java-8\0.9.9\joor-java-8-0.9.9.jar;C:\Users\eduar\.m2\repository\org\slf4j\slf4j-api\1.7.26\slf4j-api-1.7.26.jar;C:\Users\eduar\.m2\repository\org\slf4j\slf4j-jdk14\1.7.26\slf4j-jdk14-1.7.26.jar;C:\Users\eduar\.m2\repository\org\json\json\20190722\json-20190722.jar;"/>
    <property name="java.vm.vendor" value="Oracle Corporation"/>
    <property name="sun.arch.data.model" value="64"/>
    <property name="user.variant" value=""/>
    <property name="java.vendor.url" value="https://java.oracle.com/"/>
    <property name="os.name" value="Windows 10"/>
    <property name="java.vm.specification.version" value="17"/>
    <property name="sun.java.launcher" value="SUN_STANDARD"/>
    <property name="user.country" value="BR"/>
    <property name="sun.boot.library.path" value="C:\Users\eduar\.jdks\openjdk-17\bin"/>
    <property name="sun.java.command" value="C:\Users\eduar\AppData\Local\Temp\surefire12974044691245787647\surefirebooter11862674840473614609.jar C:\Users\eduar\AppData\Local\Temp\surefire12974044691245787647 2022-05-21T19-47-40_184-jvmRun1 surefire5974772182580912938tmp surefire_016760418414704507393tmp"/>
    <property name="jdk.debug" value="release"/>
    <property name="surefire.test.class.path" value="D:\RESET_TESTES\Desafio_api\RESET_Automacao_API\target\test-classes;D:\RESET_TESTES\Desafio_api\RESET_Automacao_API\target\classes;C:\Users\eduar\.m2\repository\org\projectlombok\lombok\1.18.22\lombok-1.18.22.jar;C:\Users\eduar\.m2\repository\com\googlecode\json-simple\json-simple\1.1.1\json-simple-1.1.1.jar;C:\Users\eduar\.m2\repository\junit\junit\4.12\junit-4.12.jar;C:\Users\eduar\.m2\repository\org\hamcrest\hamcrest-core\1.3\hamcrest-core-1.3.jar;C:\Users\eduar\.m2\repository\io\rest-assured\rest-assured\3.1.0\rest-assured-3.1.0.jar;C:\Users\eduar\.m2\repository\org\codehaus\groovy\groovy\2.4.12\groovy-2.4.12.jar;C:\Users\eduar\.m2\repository\org\codehaus\groovy\groovy-xml\2.4.12\groovy-xml-2.4.12.jar;C:\Users\eduar\.m2\repository\org\apache\httpcomponents\httpclient\4.5.3\httpclient-4.5.3.jar;C:\Users\eduar\.m2\repository\org\apache\httpcomponents\httpcore\4.4.6\httpcore-4.4.6.jar;C:\Users\eduar\.m2\repository\commons-logging\commons-logging\1.2\commons-logging-1.2.jar;C:\Users\eduar\.m2\repository\commons-codec\commons-codec\1.9\commons-codec-1.9.jar;C:\Users\eduar\.m2\repository\org\apache\httpcomponents\httpmime\4.5.1\httpmime-4.5.1.jar;C:\Users\eduar\.m2\repository\org\hamcrest\hamcrest-library\1.3\hamcrest-library-1.3.jar;C:\Users\eduar\.m2\repository\org\ccil\cowan\tagsoup\tagsoup\1.2.1\tagsoup-1.2.1.jar;C:\Users\eduar\.m2\repository\io\rest-assured\xml-path\3.1.0\xml-path-3.1.0.jar;C:\Users\eduar\.m2\repository\javax\xml\bind\jaxb-api\2.2.12\jaxb-api-2.2.12.jar;C:\Users\eduar\.m2\repository\io\rest-assured\json-schema-validator\3.1.0\json-schema-validator-3.1.0.jar;C:\Users\eduar\.m2\repository\com\github\fge\json-schema-validator\2.2.6\json-schema-validator-2.2.6.jar;C:\Users\eduar\.m2\repository\com\google\code\findbugs\jsr305\3.0.0\jsr305-3.0.0.jar;C:\Users\eduar\.m2\repository\joda-time\joda-time\2.3\joda-time-2.3.jar;C:\Users\eduar\.m2\repository\com\googlecode\libphonenumber\libphonenumber\6.2\libphonenumber-6.2.jar;C:\Users\eduar\.m2\repository\com\github\fge\json-schema-core\1.2.5\json-schema-core-1.2.5.jar;C:\Users\eduar\.m2\repository\com\github\fge\uri-template\0.9\uri-template-0.9.jar;C:\Users\eduar\.m2\repository\com\github\fge\msg-simple\1.1\msg-simple-1.1.jar;C:\Users\eduar\.m2\repository\com\github\fge\btf\1.2\btf-1.2.jar;C:\Users\eduar\.m2\repository\com\google\guava\guava\16.0.1\guava-16.0.1.jar;C:\Users\eduar\.m2\repository\com\github\fge\jackson-coreutils\1.8\jackson-coreutils-1.8.jar;C:\Users\eduar\.m2\repository\org\mozilla\rhino\1.7R4\rhino-1.7R4.jar;C:\Users\eduar\.m2\repository\javax\mail\mailapi\1.4.3\mailapi-1.4.3.jar;C:\Users\eduar\.m2\repository\javax\activation\activation\1.1\activation-1.1.jar;C:\Users\eduar\.m2\repository\net\sf\jopt-simple\jopt-simple\4.6\jopt-simple-4.6.jar;C:\Users\eduar\.m2\repository\com\github\javafaker\javafaker\1.0.1\javafaker-1.0.1.jar;C:\Users\eduar\.m2\repository\org\apache\commons\commons-lang3\3.5\commons-lang3-3.5.jar;C:\Users\eduar\.m2\repository\org\yaml\snakeyaml\1.23\snakeyaml-1.23-android.jar;C:\Users\eduar\.m2\repository\com\github\mifmif\generex\1.0.2\generex-1.0.2.jar;C:\Users\eduar\.m2\repository\dk\brics\automaton\automaton\1.11-8\automaton-1.11-8.jar;C:\Users\eduar\.m2\repository\io\rest-assured\json-path\3.1.0\json-path-3.1.0.jar;C:\Users\eduar\.m2\repository\org\codehaus\groovy\groovy-json\2.4.12\groovy-json-2.4.12.jar;C:\Users\eduar\.m2\repository\io\rest-assured\rest-assured-common\3.1.0\rest-assured-common-3.1.0.jar;C:\Users\eduar\.m2\repository\io\qameta\allure\allure-junit4\2.9.0\allure-junit4-2.9.0.jar;C:\Users\eduar\.m2\repository\io\qameta\allure\allure-java-commons\2.9.0\allure-java-commons-2.9.0.jar;C:\Users\eduar\.m2\repository\io\qameta\allure\allure-model\2.9.0\allure-model-2.9.0.jar;C:\Users\eduar\.m2\repository\com\fasterxml\jackson\core\jackson-databind\2.9.7\jackson-databind-2.9.7.jar;C:\Users\eduar\.m2\repository\com\fasterxml\jackson\core\jackson-annotations\2.9.0\jackson-annotations-2.9.0.jar;C:\Users\eduar\.m2\repository\com\fasterxml\jackson\core\jackson-core\2.9.7\jackson-core-2.9.7.jar;C:\Users\eduar\.m2\repository\org\apache\tika\tika-core\1.19.1\tika-core-1.19.1.jar;C:\Users\eduar\.m2\repository\org\aspectj\aspectjrt\1.9.1\aspectjrt-1.9.1.jar;C:\Users\eduar\.m2\repository\org\jooq\joor-java-8\0.9.9\joor-java-8-0.9.9.jar;C:\Users\eduar\.m2\repository\org\slf4j\slf4j-api\1.7.26\slf4j-api-1.7.26.jar;C:\Users\eduar\.m2\repository\org\slf4j\slf4j-jdk14\1.7.26\slf4j-jdk14-1.7.26.jar;C:\Users\eduar\.m2\repository\org\json\json\20190722\json-20190722.jar;"/>
    <property name="test" value="AllTests"/>
    <property name="allure.results.directory" value="D:\RESET_TESTES\Desafio_api\RESET_Automacao_API\target/allure-results"/>
    <property name="sun.cpu.endian" value="little"/>
    <property name="user.home" value="C:\Users\eduar"/>
    <property name="user.language" value="pt"/>
    <property name="java.specification.vendor" value="Oracle Corporation"/>
    <property name="java.version.date" value="2021-09-14"/>
    <property name="java.home" value="C:\Users\eduar\.jdks\openjdk-17"/>
    <property name="file.separator" value="\"/>
    <property name="basedir" value="D:\RESET_TESTES\Desafio_api\RESET_Automacao_API"/>
    <property name="java.vm.compressedOopsMode" value="Zero based"/>
    <property name="line.separator" value="&#10;"/>
    <property name="java.vm.specification.vendor" value="Oracle Corporation"/>
    <property name="java.specification.name" value="Java Platform API Specification"/>
    <property name="surefire.real.class.path" value="C:\Users\eduar\AppData\Local\Temp\surefire12974044691245787647\surefirebooter11862674840473614609.jar"/>
    <property name="user.script" value=""/>
    <property name="sun.management.compiler" value="HotSpot 64-Bit Tiered Compilers"/>
    <property name="java.runtime.version" value="17+35-2724"/>
    <property name="user.name" value="eduar"/>
    <property name="path.separator" value=";"/>
    <property name="os.version" value="10.0"/>
    <property name="java.runtime.name" value="OpenJDK Runtime Environment"/>
    <property name="file.encoding" value="Cp1252"/>
    <property name="java.vm.name" value="OpenJDK 64-Bit Server VM"/>
    <property name="localRepository" value="C:\Users\eduar\.m2\repository"/>
    <property name="java.vendor.url.bug" value="https://bugreport.java.com/bugreport/"/>
    <property name="java.io.tmpdir" value="C:\Users\eduar\AppData\Local\Temp\"/>
    <property name="idea.version" value="2021.2.3"/>
    <property name="java.version" value="17"/>
    <property name="user.dir" value="D:\RESET_TESTES\Desafio_api\RESET_Automacao_API"/>
    <property name="os.arch" value="amd64"/>
    <property name="java.vm.specification.name" value="Java Virtual Machine Specification"/>
    <property name="sun.os.patch.level" value=""/>
    <property name="native.encoding" value="Cp1252"/>
    <property name="java.library.path" value="C:\Users\eduar\.jdks\openjdk-17\bin;C:\WINDOWS\Sun\Java\bin;C:\WINDOWS\system32;C:\WINDOWS;C:\Program Files\Common Files\Oracle\Java\javapath;C:\Program Files (x86)\Common Files\Oracle\Java\javapath;C:\Python39\Scripts\;C:\Python39\;C:\windows\system32;C:\windows;C:\windows\System32\Wbem;C:\windows\System32\WindowsPowerShell\v1.0\;C:\windows\System32\OpenSSH\;C:\Program Files (x86)\NVIDIA Corporation\PhysX\Common;C:\Program Files\NVIDIA Corporation\NVIDIA NvDLISR;C:\Program Files\Intel\WiFi\bin\;C:\Program Files\Common Files\Intel\WirelessCommon\;C:\WINDOWS\system32;C:\WINDOWS;C:\WINDOWS\System32\Wbem;C:\WINDOWS\System32\WindowsPowerShell\v1.0\;C:\WINDOWS\System32\OpenSSH\;C:\ProgramData\chocolatey\bin;C:\Program Files\Microsoft VS Code\bin;C:\Program Files\nodejs\;C:\Program Files\java\jdk-11.0.11\bin;C:\Program Files\Git\cmd;C:\Users\eduar\AppData\Local\Microsoft\WindowsApps;C:\Users\eduar\AppData\Local\GitHubDesktop\bin;C:\Users\eduar\AppData\Roaming\npm;C:\Program Files\JetBrains\IntelliJ IDEA Community Edition 2021.2.3\bin;;."/>
    <property name="java.vm.info" value="mixed mode, sharing"/>
    <property name="java.vendor" value="Oracle Corporation"/>
    <property name="java.vm.version" value="17+35-2724"/>
    <property name="sun.io.unicode.encoding" value="UnicodeLittle"/>
    <property name="java.class.version" value="61.0"/>
  </properties>
  <testcase name="validarListagemDeIdsComFiltroFirstName" classname="br.com.restassuredapitest.testes.booking.testes.GetBookingTest" time="4.018"/>
  <testcase name="validarListagemDeIdsComFiltroNomeECheckinECheckout" classname="br.com.restassuredapitest.testes.booking.testes.GetBookingTest" time="1.709">
    <error message="could not access constructor: private java.lang.AssertionError(java.lang.String) with arguments: [1 expectation failed.&#10;JSON path bookingid doesn&apos;t match.&#10;Expected: a collection containing &lt;563&gt;&#10;  Actual: []&#10;] reason: java.lang.IllegalAccessException: class org.codehaus.groovy.reflection.CachedConstructor cannot access a member of class java.lang.AssertionError (in module java.base) with modifiers &quot;private&quot;" type="groovy.lang.GroovyRuntimeException"><![CDATA[groovy.lang.GroovyRuntimeException: 
could not access constructor: private java.lang.AssertionError(java.lang.String) with arguments: [1 expectation failed.
JSON path bookingid doesn't match.
Expected: a collection containing <563>
  Actual: []
] reason: java.lang.IllegalAccessException: class org.codehaus.groovy.reflection.CachedConstructor cannot access a member of class java.lang.AssertionError (in module java.base) with modifiers "private"
	at br.com.restassuredapitest.testes.booking.testes.GetBookingTest.validarListagemDeIdsComFiltroNomeECheckinECheckout(GetBookingTest.java:126)
]]></error>
  </testcase>
  <testcase name="validarListagemDeIdsDasReservas" classname="br.com.restassuredapitest.testes.booking.testes.GetBookingTest" time="0.876"/>
  <testcase name="validarBuscaDeReservasPorId" classname="br.com.restassuredapitest.testes.booking.testes.GetBookingTest" time="1.835"/>
  <testcase name="validaSchemaDaListagemDeReservasComFiltro" classname="br.com.restassuredapitest.testes.booking.testes.GetBookingTest" time="1.347"/>
  <testcase name="validaSchemaDaListagemDeReservaPorId" classname="br.com.restassuredapitest.testes.booking.testes.GetBookingTest" time="1.681"/>
  <testcase name="validarListagemDeIdsComFiltroCheckin" classname="br.com.restassuredapitest.testes.booking.testes.GetBookingTest" time="1.768">
    <error message="could not access constructor: private java.lang.AssertionError(java.lang.String) with arguments: [1 expectation failed.&#10;JSON path bookingid doesn&apos;t match.&#10;Expected: a collection containing &lt;565&gt;&#10;  Actual: [102, 135, 230, 142, 202, 164, 43, 130, 280, 51, 42, 406, 134, 113, 177, 136, 46, 52, 124]&#10;] reason: java.lang.IllegalAccessException: class org.codehaus.groovy.reflection.CachedConstructor cannot access a member of class java.lang.AssertionError (in module java.base) with modifiers &quot;private&quot;" type="groovy.lang.GroovyRuntimeException"><![CDATA[groovy.lang.GroovyRuntimeException: 
could not access constructor: private java.lang.AssertionError(java.lang.String) with arguments: [1 expectation failed.
JSON path bookingid doesn't match.
Expected: a collection containing <565>
  Actual: [102, 135, 230, 142, 202, 164, 43, 130, 280, 51, 42, 406, 134, 113, 177, 136, 46, 52, 124]
] reason: java.lang.IllegalAccessException: class org.codehaus.groovy.reflection.CachedConstructor cannot access a member of class java.lang.AssertionError (in module java.base) with modifiers "private"
	at br.com.restassuredapitest.testes.booking.testes.GetBookingTest.validarListagemDeIdsComFiltroCheckin(GetBookingTest.java:82)
]]></error>
    <system-out><![CDATA[HTTP/1.1 200 OK
Server: Cowboy
Connection: keep-alive
X-Powered-By: Express
Content-Type: application/json; charset=utf-8
Content-Length: 338
Etag: W/"152-1EBXhC8FmLKBwRbrR8cnAy58KSQ"
Date: Sat, 21 May 2022 22:47:55 GMT
Via: 1.1 vegur

[
    {
        "bookingid": 102
    },
    {
        "bookingid": 135
    },
    {
        "bookingid": 230
    },
    {
        "bookingid": 142
    },
    {
        "bookingid": 202
    },
    {
        "bookingid": 164
    },
    {
        "bookingid": 43
    },
    {
        "bookingid": 130
    },
    {
        "bookingid": 280
    },
    {
        "bookingid": 51
    },
    {
        "bookingid": 42
    },
    {
        "bookingid": 406
    },
    {
        "bookingid": 134
    },
    {
        "bookingid": 113
    },
    {
        "bookingid": 177
    },
    {
        "bookingid": 136
    },
    {
        "bookingid": 46
    },
    {
        "bookingid": 52
    },
    {
        "bookingid": 124
    }
]
]]></system-out>
  </testcase>
  <testcase name="validarListagemDeIdsComFiltroCheckout" classname="br.com.restassuredapitest.testes.booking.testes.GetBookingTest" time="1.7"/>
  <testcase name="validarListagemDeIdsComFiltroCheckinECheckout" classname="br.com.restassuredapitest.testes.booking.testes.GetBookingTest" time="1.799">
    <error message="could not access constructor: private java.lang.AssertionError(java.lang.String) with arguments: [1 expectation failed.&#10;JSON path size() doesn&apos;t match.&#10;Expected: a value greater than &lt;0&gt;&#10;  Actual: 0&#10;] reason: java.lang.IllegalAccessException: class org.codehaus.groovy.reflection.CachedConstructor cannot access a member of class java.lang.AssertionError (in module java.base) with modifiers &quot;private&quot;" type="groovy.lang.GroovyRuntimeException"><![CDATA[groovy.lang.GroovyRuntimeException: 
could not access constructor: private java.lang.AssertionError(java.lang.String) with arguments: [1 expectation failed.
JSON path size() doesn't match.
Expected: a value greater than <0>
  Actual: 0
] reason: java.lang.IllegalAccessException: class org.codehaus.groovy.reflection.CachedConstructor cannot access a member of class java.lang.AssertionError (in module java.base) with modifiers "private"
	at br.com.restassuredapitest.testes.booking.testes.GetBookingTest.validarListagemDeIdsComFiltroCheckinECheckout(GetBookingTest.java:112)
]]></error>
    <system-out><![CDATA[HTTP/1.1 200 OK
Server: Cowboy
Connection: keep-alive
X-Powered-By: Express
Content-Type: application/json; charset=utf-8
Content-Length: 2
Etag: W/"2-l9Fw4VUO7kr8CvBlt4zaMCqXZ0w"
Date: Sat, 21 May 2022 22:47:59 GMT
Via: 1.1 vegur

[
    
]
]]></system-out>
  </testcase>
  <testcase name="validaSchemaDaListagemDeReservas" classname="br.com.restassuredapitest.testes.booking.testes.GetBookingTest" time="0.932"/>
  <testcase name="validarListagemDeIdsComFiltroMalFormatado" classname="br.com.restassuredapitest.testes.booking.testes.GetBookingTest" time="0.839"/>
  <testcase name="validarListagemDeIdsComFiltroLastName" classname="br.com.restassuredapitest.testes.booking.testes.GetBookingTest" time="1.874"/>
  <testcase name="validarListagemDeIdsDasReservas" classname="br.com.restassuredapitest.testes.ping.testes.GetPingTest" time="0.914"/>
  <testcase name="validarRetornoTokenParaUsuario" classname="br.com.restassuredapitest.testes.auth.testes.PostAuthTest" time="1.028"/>
  <testcase name="validarAlteracaoDeUmaReservaUtilizandoBasic" classname="br.com.restassuredapitest.testes.booking.testes.PutBookingTest" time="1.98"/>
  <testcase name="validarAlteracaoDeUmaReservaUtilizandoToken" classname="br.com.restassuredapitest.testes.booking.testes.PutBookingTest" time="2.58"/>
  <testcase name="validarAlteracaoDeUmaReservaComTokenInvalido" classname="br.com.restassuredapitest.testes.booking.testes.PutBookingTest" time="1.658"/>
  <testcase name="validarAlteracaoDeUmaReservaSemBasic" classname="br.com.restassuredapitest.testes.booking.testes.PutBookingTest" time="1.67"/>
  <testcase name="validarAlteracaoDeUmaReservaSemToken" classname="br.com.restassuredapitest.testes.booking.testes.PutBookingTest" time="2.758"/>
  <testcase name="validarAlteracaoDeReservaInexistente" classname="br.com.restassuredapitest.testes.booking.testes.PutBookingTest" time="1.716"/>
  <testcase name="validarCadastroDeNovaReservaComInfoExtra" classname="br.com.restassuredapitest.testes.booking.testes.PostBookingTest" time="0.88">
    <error message="could not access constructor: private java.lang.AssertionError(java.lang.String) with arguments: [1 expectation failed.&#10;Expected status code &lt;500&gt; but was &lt;200&gt;.&#10;] reason: java.lang.IllegalAccessException: class org.codehaus.groovy.reflection.CachedConstructor cannot access a member of class java.lang.AssertionError (in module java.base) with modifiers &quot;private&quot;" type="groovy.lang.GroovyRuntimeException"><![CDATA[groovy.lang.GroovyRuntimeException: 
could not access constructor: private java.lang.AssertionError(java.lang.String) with arguments: [1 expectation failed.
Expected status code <500> but was <200>.
] reason: java.lang.IllegalAccessException: class org.codehaus.groovy.reflection.CachedConstructor cannot access a member of class java.lang.AssertionError (in module java.base) with modifiers "private"
	at br.com.restassuredapitest.testes.booking.testes.PostBookingTest.validarCadastroDeNovaReservaComInfoExtra(PostBookingTest.java:86)
]]></error>
    <system-out><![CDATA[Request method:	POST
Request URI:	https://treinamento-api.herokuapp.com/booking
Proxy:			<none>
Request params:	<none>
Query params:	<none>
Form params:	<none>
Path params:	<none>
Headers:		Accept=application/json
				Content-Type=application/json; charset=UTF-8
Cookies:		<none>
Multiparts:		<none>
Body:
{
    "firstname": "Saruman the White",
    "additionalneeds": "breakfeast",
    "bookingdates": {
        "checkin": "2022-01-01",
        "checkout": "2023-04-01"
    },
    "peso": 98,
    "altura": 1.75,
    "totalprice": 253,
    "signo": "Goodbrother of Crow Spike Keep",
    "depositpaid": true,
    "pet": "com.github.javafaker.Animal@26c700ff",
    "lastname": "The Mighty"
}
]]></system-out>
  </testcase>
  <testcase name="validaSchemaDaPostagemDeReserva" classname="br.com.restassuredapitest.testes.booking.testes.PostBookingTest" time="0.907"/>
  <testcase name="validarCadastroDeDuasNovasReservas" classname="br.com.restassuredapitest.testes.booking.testes.PostBookingTest" time="1.842"/>
  <testcase name="validarCadastroDeNovaReservaComPayloadInvalido" classname="br.com.restassuredapitest.testes.booking.testes.PostBookingTest" time="0.866"/>
  <testcase name="validarCadastroDeNovaReserva" classname="br.com.restassuredapitest.testes.booking.testes.PostBookingTest" time="0.851"/>
  <testcase name="validarAtualizacaoParcialBasic" classname="br.com.restassuredapitest.testes.booking.testes.PatchBookingTest" time="1.755"/>
  <testcase name="validarAtualizacaoParcial" classname="br.com.restassuredapitest.testes.booking.testes.PatchBookingTest" time="2.821"/>
</testsuite>