<?xml version="1.0" encoding="UTF-8"?>
<testsuite xmlns:xsi="http://www.w3.org/2001/XMLSchema-instance" xsi:noNamespaceSchemaLocation="https://maven.apache.org/surefire/maven-surefire-plugin/xsd/surefire-test-report.xsd" name="br.com.restassuredapitest.runners.AllTests" time="45.489" tests="27" errors="4" skipped="0" failures="0">
  <properties>
[...]
</properties>
  <testcase name="validarListagemDeIdsComFiltroFirstName" classname="br.com.restassuredapitest.testes.booking.testes.GetBookingTest" time="4.018"/>
  <testcase name="validarListagemDeIdsComFiltroNomeECheckinECheckout" classname="br.com.restassuredapitest.testes.booking.testes.GetBookingTest" time="1.709">
    <error message="could not access constructor: private java.lang.AssertionError(java.lang.String) with arguments: [1 expectation failed.&#10;JSON path bookingid doesn&apos;t match.&#10;Expected: a collection containing &lt;563&gt;&#10;  Actual: []&#10;] reason: java.lang.IllegalAccessException: class org.codehaus.groovy.reflection.CachedConstructor cannot access a member of class java.lang.AssertionError (in module java.base) with modifiers &quot;private&quot;" type="groovy.lang.GroovyRuntimeException"><![CDATA[groovy.lang.GroovyRuntimeException: 
could not access constructor: private java.lang.AssertionError(java.lang.String) with arguments: [1 expectation failed.
JSON path bookingid doesn't match.
Expected: a collection containing <563>
  Actual: []
] reason: java.lang.IllegalAccessException: class org.codehaus.groovy.reflection.CachedConstructor cannot access a member of class java.lang.AssertionError (in module java.base) with modifiers "private"
	at br.com.restassuredapitest.testes.booking.testes.GetBookingTest.validarListagemDeIdsComFiltroNomeECheckinECheckout(GetBookingTest.java:126)
]]></error>
  </testcase>
  <testcase name="validarListagemDeIdsDasReservas" classname="br.com.restassuredapitest.testes.booking.testes.GetBookingTest" time="0.876"/>
  <testcase name="validarBuscaDeReservasPorId" classname="br.com.restassuredapitest.testes.booking.testes.GetBookingTest" time="1.835"/>
  <testcase name="validaSchemaDaListagemDeReservasComFiltro" classname="br.com.restassuredapitest.testes.booking.testes.GetBookingTest" time="1.347"/>
  <testcase name="validaSchemaDaListagemDeReservaPorId" classname="br.com.restassuredapitest.testes.booking.testes.GetBookingTest" time="1.681"/>
  <testcase name="validarListagemDeIdsComFiltroCheckin" classname="br.com.restassuredapitest.testes.booking.testes.GetBookingTest" time="1.768">
    <error message="could not access constructor: private java.lang.AssertionError(java.lang.String) with arguments: [1 expectation failed.&#10;JSON path bookingid doesn&apos;t match.&#10;Expected: a collection containing &lt;565&gt;&#10;  Actual: [102, 135, 230, 142, 202, 164, 43, 130, 280, 51, 42, 406, 134, 113, 177, 136, 46, 52, 124]&#10;] reason: java.lang.IllegalAccessException: class org.codehaus.groovy.reflection.CachedConstructor cannot access a member of class java.lang.AssertionError (in module java.base) with modifiers &quot;private&quot;" type="groovy.lang.GroovyRuntimeException"><![CDATA[groovy.lang.GroovyRuntimeException: 
could not access constructor: private java.lang.AssertionError(java.lang.String) with arguments: [1 expectation failed.
JSON path bookingid doesn't match.
Expected: a collection containing <565>
  Actual: [102, 135, 230, 142, 202, 164, 43, 130, 280, 51, 42, 406, 134, 113, 177, 136, 46, 52, 124]
] reason: java.lang.IllegalAccessException: class org.codehaus.groovy.reflection.CachedConstructor cannot access a member of class java.lang.AssertionError (in module java.base) with modifiers "private"
	at br.com.restassuredapitest.testes.booking.testes.GetBookingTest.validarListagemDeIdsComFiltroCheckin(GetBookingTest.java:82)
]]></error>
    <system-out><![CDATA[HTTP/1.1 200 OK
Server: Cowboy
Connection: keep-alive
X-Powered-By: Express
Content-Type: application/json; charset=utf-8
Content-Length: 338
Etag: W/"152-1EBXhC8FmLKBwRbrR8cnAy58KSQ"
Date: Sat, 21 May 2022 22:47:55 GMT
Via: 1.1 vegur

[
    {
        "bookingid": 102
    },
    {
        "bookingid": 135
    },
    {
        "bookingid": 230
    },
    {
        "bookingid": 142
    },
    {
        "bookingid": 202
    },
    {
        "bookingid": 164
    },
    {
        "bookingid": 43
    },
    {
        "bookingid": 130
    },
    {
        "bookingid": 280
    },
    {
        "bookingid": 51
    },
    {
        "bookingid": 42
    },
    {
        "bookingid": 406
    },
    {
        "bookingid": 134
    },
    {
        "bookingid": 113
    },
    {
        "bookingid": 177
    },
    {
        "bookingid": 136
    },
    {
        "bookingid": 46
    },
    {
        "bookingid": 52
    },
    {
        "bookingid": 124
    }
]
]]></system-out>
  </testcase>
  <testcase name="validarListagemDeIdsComFiltroCheckout" classname="br.com.restassuredapitest.testes.booking.testes.GetBookingTest" time="1.7"/>
  <testcase name="validarListagemDeIdsComFiltroCheckinECheckout" classname="br.com.restassuredapitest.testes.booking.testes.GetBookingTest" time="1.799">
    <error message="could not access constructor: private java.lang.AssertionError(java.lang.String) with arguments: [1 expectation failed.&#10;JSON path size() doesn&apos;t match.&#10;Expected: a value greater than &lt;0&gt;&#10;  Actual: 0&#10;] reason: java.lang.IllegalAccessException: class org.codehaus.groovy.reflection.CachedConstructor cannot access a member of class java.lang.AssertionError (in module java.base) with modifiers &quot;private&quot;" type="groovy.lang.GroovyRuntimeException"><![CDATA[groovy.lang.GroovyRuntimeException: 
could not access constructor: private java.lang.AssertionError(java.lang.String) with arguments: [1 expectation failed.
JSON path size() doesn't match.
Expected: a value greater than <0>
  Actual: 0
] reason: java.lang.IllegalAccessException: class org.codehaus.groovy.reflection.CachedConstructor cannot access a member of class java.lang.AssertionError (in module java.base) with modifiers "private"
	at br.com.restassuredapitest.testes.booking.testes.GetBookingTest.validarListagemDeIdsComFiltroCheckinECheckout(GetBookingTest.java:112)
]]></error>
    <system-out><![CDATA[HTTP/1.1 200 OK
Server: Cowboy
Connection: keep-alive
X-Powered-By: Express
Content-Type: application/json; charset=utf-8
Content-Length: 2
Etag: W/"2-l9Fw4VUO7kr8CvBlt4zaMCqXZ0w"
Date: Sat, 21 May 2022 22:47:59 GMT
Via: 1.1 vegur

[
    
]
]]></system-out>
  </testcase>
  <testcase name="validaSchemaDaListagemDeReservas" classname="br.com.restassuredapitest.testes.booking.testes.GetBookingTest" time="0.932"/>
  <testcase name="validarListagemDeIdsComFiltroMalFormatado" classname="br.com.restassuredapitest.testes.booking.testes.GetBookingTest" time="0.839"/>
  <testcase name="validarListagemDeIdsComFiltroLastName" classname="br.com.restassuredapitest.testes.booking.testes.GetBookingTest" time="1.874"/>
  <testcase name="validarListagemDeIdsDasReservas" classname="br.com.restassuredapitest.testes.ping.testes.GetPingTest" time="0.914"/>
  <testcase name="validarRetornoTokenParaUsuario" classname="br.com.restassuredapitest.testes.auth.testes.PostAuthTest" time="1.028"/>
  <testcase name="validarAlteracaoDeUmaReservaUtilizandoBasic" classname="br.com.restassuredapitest.testes.booking.testes.PutBookingTest" time="1.98"/>
  <testcase name="validarAlteracaoDeUmaReservaUtilizandoToken" classname="br.com.restassuredapitest.testes.booking.testes.PutBookingTest" time="2.58"/>
  <testcase name="validarAlteracaoDeUmaReservaComTokenInvalido" classname="br.com.restassuredapitest.testes.booking.testes.PutBookingTest" time="1.658"/>
  <testcase name="validarAlteracaoDeUmaReservaSemBasic" classname="br.com.restassuredapitest.testes.booking.testes.PutBookingTest" time="1.67"/>
  <testcase name="validarAlteracaoDeUmaReservaSemToken" classname="br.com.restassuredapitest.testes.booking.testes.PutBookingTest" time="2.758"/>
  <testcase name="validarAlteracaoDeReservaInexistente" classname="br.com.restassuredapitest.testes.booking.testes.PutBookingTest" time="1.716"/>
  <testcase name="validarCadastroDeNovaReservaComInfoExtra" classname="br.com.restassuredapitest.testes.booking.testes.PostBookingTest" time="0.88">
    <error message="could not access constructor: private java.lang.AssertionError(java.lang.String) with arguments: [1 expectation failed.&#10;Expected status code &lt;500&gt; but was &lt;200&gt;.&#10;] reason: java.lang.IllegalAccessException: class org.codehaus.groovy.reflection.CachedConstructor cannot access a member of class java.lang.AssertionError (in module java.base) with modifiers &quot;private&quot;" type="groovy.lang.GroovyRuntimeException"><![CDATA[groovy.lang.GroovyRuntimeException: 
could not access constructor: private java.lang.AssertionError(java.lang.String) with arguments: [1 expectation failed.
Expected status code <500> but was <200>.
] reason: java.lang.IllegalAccessException: class org.codehaus.groovy.reflection.CachedConstructor cannot access a member of class java.lang.AssertionError (in module java.base) with modifiers "private"
	at br.com.restassuredapitest.testes.booking.testes.PostBookingTest.validarCadastroDeNovaReservaComInfoExtra(PostBookingTest.java:86)
]]></error>
    <system-out><![CDATA[Request method:	POST
Request URI:	https://treinamento-api.herokuapp.com/booking
Proxy:			<none>
Request params:	<none>
Query params:	<none>
Form params:	<none>
Path params:	<none>
Headers:		Accept=application/json
				Content-Type=application/json; charset=UTF-8
Cookies:		<none>
Multiparts:		<none>
Body:
{
    "firstname": "Saruman the White",
    "additionalneeds": "breakfeast",
    "bookingdates": {
        "checkin": "2022-01-01",
        "checkout": "2023-04-01"
    },
    "peso": 98,
    "altura": 1.75,
    "totalprice": 253,
    "signo": "Goodbrother of Crow Spike Keep",
    "depositpaid": true,
    "pet": "com.github.javafaker.Animal@26c700ff",
    "lastname": "The Mighty"
}
]]></system-out>
  </testcase>
  <testcase name="validaSchemaDaPostagemDeReserva" classname="br.com.restassuredapitest.testes.booking.testes.PostBookingTest" time="0.907"/>
  <testcase name="validarCadastroDeDuasNovasReservas" classname="br.com.restassuredapitest.testes.booking.testes.PostBookingTest" time="1.842"/>
  <testcase name="validarCadastroDeNovaReservaComPayloadInvalido" classname="br.com.restassuredapitest.testes.booking.testes.PostBookingTest" time="0.866"/>
  <testcase name="validarCadastroDeNovaReserva" classname="br.com.restassuredapitest.testes.booking.testes.PostBookingTest" time="0.851"/>
  <testcase name="validarAtualizacaoParcialBasic" classname="br.com.restassuredapitest.testes.booking.testes.PatchBookingTest" time="1.755"/>
  <testcase name="validarAtualizacaoParcial" classname="br.com.restassuredapitest.testes.booking.testes.PatchBookingTest" time="2.821"/>
</testsuite>